Arguments: 
  /usr/local/bin/node /Users/ryanernstnyberg/.yarn/bin/yarn.js

PATH: 
  /Users/ryanernstnyberg/.yarn/bin:/Users/ryanernstnyberg/.config/yarn/global/node_modules/.bin:/Users/ryanernstnyberg/google-cloud-sdk/bin:/usr/local/opt/python@3.8/bin:/Users/ryanernstnyberg/.rbenv/bin:/Users/ryanernstnyberg/.rbenv/shims:/usr/local/opt/bison/bin:/usr/local/sbin:/Library/Frameworks/Python.framework/Versions/3.10/bin:/Users/ryanernstnyberg/.rvm/gems/ruby-2.7.1/bin:/Users/ryanernstnyberg/.rvm/gems/ruby-2.7.1@global/bin:/Users/ryanernstnyberg/.rvm/rubies/ruby-2.7.1/bin:/usr/local/bin:/usr/bin:/bin:/usr/sbin:/sbin:/Applications/VMware Fusion.app/Contents/Public:/usr/local/share/dotnet:~/.dotnet/tools:/Library/Apple/usr/bin:/Library/Frameworks/Mono.framework/Versions/Current/Commands:/Users/ryanernstnyberg/.yarn/bin:/Users/ryanernstnyberg/.config/yarn/global/node_modules/.bin:/Users/ryanernstnyberg/google-cloud-sdk/bin:/usr/local/opt/python@3.8/bin:/Users/ryanernstnyberg/.rbenv/bin:/Users/ryanernstnyberg/.rbenv/shims:/usr/local/opt/bison/bin:/usr/local/sbin:/Library/Frameworks/Python.framework/Versions/3.10/bin:/Users/ryanernstnyberg/.rvm/gems/ruby-2.7.1/bin:/Users/ryanernstnyberg/.rvm/gems/ruby-2.7.1@global/bin:/Users/ryanernstnyberg/.rvm/rubies/ruby-2.7.1/bin:/Users/ryanernstnyberg/.rvm/bin:/Users/ryanernstnyberg/.rvm/bin:/Users/ryanernstnyberg/.rvm/bin

Yarn version: 
  1.22.5

Node version: 
  15.4.0

Platform: 
  darwin x64

Trace: 
  SyntaxError: /Users/ryanernstnyberg/Projects/homebaked/package.json: Unexpected token } in JSON at position 857
      at JSON.parse (<anonymous>)
      at /Users/ryanernstnyberg/.yarn/lib/cli.js:1625:59
      at Generator.next (<anonymous>)
      at step (/Users/ryanernstnyberg/.yarn/lib/cli.js:310:30)
      at /Users/ryanernstnyberg/.yarn/lib/cli.js:321:13

npm manifest: 
  {
    "name": "nextjs-mdb",
    "version": "4.25.3",
    "description": "Integration example for MDBReact and Next.js create-next-app",
    "scripts": {
      "dev": "next dev",
      "build": "next build",
      "start": "next start"
    },
    "author": "Jakub Chmura",
    "repository": "https://github.com/JakubChm/nextjs-mdbreact.git",
    "license": "MIT",
    "dependencies": {
      "@zeit/next-source-maps": "latest",
      "apollo-server-micro": "^2.19.0",
      "axios": "latest",
      "core-js": "^3.8.1",
      "express": "^4.17.1",
      "graphicsmagick": "^0.0.1",
      "graphql": "^15.4.0",
      "mdbreact": "^4.6.1",
      "next": "latest",
      "next-compose-plugins": "latest",
      "next-fonts": "latest",
      "next-images": "latest",
      "react": "latest",
      "react-dom": "latest",
      "react-image-video-lightbox": "latest",
      "swr": "^0.3.9",
      "tailwind": "^4.0.0",
    }
  }

yarn manifest: 
  No manifest

Lockfile: 
  No lockfile
